Using pre-set license
Built from '2020.2/staging' branch; Version is '2020.2.3f1 (8ff31bc5bf5b) revision 9433883'; Using compiler version '192528614'; Build Type 'Release'
OS: 'Windows 10 Home Single Language; OS build 19042.985; Version 2009; 64bit' Language: 'tr' Physical Memory: 7597 MB
BatchMode: 1, IsHumanControllingUs: 0, StartBugReporterOnCrash: 0, Is64bit: 1, IsPro: 0

 COMMAND LINE ARGUMENTS:
C:\UnityVersions\2020.2.3f1\Editor\Unity.exe
-adb2
-batchMode
-noUpm
-name
AssetImportWorker1
-projectPath
C:/Eray/Unity/TruckRush
-logFile
Logs/AssetImportWorker1.log
-srvPort
59310
Successfully changed project path to: C:/Eray/Unity/TruckRush
C:/Eray/Unity/TruckRush
Using Asset Import Pipeline V2.
Refreshing native plugins compatible for Editor in 48.15 ms, found 0 plugins.
Preloading 0 native plugins for Editor in 0.00 ms.
Initialize engine version: 2020.2.3f1 (8ff31bc5bf5b)
[Subsystems] Discovering subsystems at path C:/UnityVersions/2020.2.3f1/Editor/Data/Resources/UnitySubsystems
[Subsystems] Discovering subsystems at path C:/Eray/Unity/TruckRush/Assets
GfxDevice: creating device client; threaded=0
Direct3D:
    Version:  Direct3D 11.0 [level 11.1]
    Renderer: NVIDIA GeForce GTX 1660 Ti (ID=0x2191)
    Vendor:   
    VRAM:     5991 MB
    Driver:   27.21.14.6627
Initialize mono
Mono path[0] = 'C:/UnityVersions/2020.2.3f1/Editor/Data/Managed'
Mono path[1] = 'C:/UnityVersions/2020.2.3f1/Editor/Data/MonoBleedingEdge/lib/mono/unityjit'
Mono config path = 'C:/UnityVersions/2020.2.3f1/Editor/Data/MonoBleedingEdge/etc'
Using monoOptions --debugger-agent=transport=dt_socket,embedding=1,server=y,suspend=n,address=127.0.0.1:56216
Begin MonoManager ReloadAssembly
Registering precompiled unity dll's ...
Register platform support module: C:/UnityVersions/2020.2.3f1/Editor/Data/PlaybackEngines/WebGLSupport/UnityEditor.WebGL.Extensions.dll
Register platform support module: C:/UnityVersions/2020.2.3f1/Editor/Data/PlaybackEngines/WindowsStandaloneSupport/UnityEditor.WindowsStandalone.Extensions.dll
Registered in 0.002710 seconds.
Native extension for WindowsStandalone target not found
Native extension for WebGL target not found
Refreshing native plugins compatible for Editor in 38.80 ms, found 0 plugins.
Preloading 0 native plugins for Editor in 0.00 ms.
Invoked RoslynAnalysisRunner static constructor.
RoslynAnalysisRunner will not be running.
RoslynAnalysisRunner has terminated.
Mono: successfully reloaded assembly
- Completed reload, in  5.854 seconds
Platform modules already initialized, skipping
Registering precompiled user dll's ...
Registered in 0.001647 seconds.
Begin MonoManager ReloadAssembly
Native extension for WindowsStandalone target not found
Native extension for WebGL target not found
Refreshing native plugins compatible for Editor in 0.47 ms, found 0 plugins.
Preloading 0 native plugins for Editor in 0.00 ms.
Invoked RoslynAnalysisRunner static constructor.
RoslynAnalysisRunner will not be running.
RoslynAnalysisRunner has terminated.
Mono: successfully reloaded assembly
- Completed reload, in  1.080 seconds
Platform modules already initialized, skipping
========================================================================
Worker process is ready to serve import requests
Launched and connected shader compiler UnityShaderCompiler.exe after 0.17 seconds
Refreshing native plugins compatible for Editor in 0.51 ms, found 0 plugins.
Preloading 0 native plugins for Editor in 0.00 ms.
Unloading 1326 Unused Serialized files (Serialized files now loaded: 0)
System memory in use before: 65.2 MB.
System memory in use after: 65.3 MB.

Unloading 11 unused Assets to reduce memory usage. Loaded Objects now: 1770.
Total: 6.385300 ms (FindLiveObjects: 1.428800 ms CreateObjectMapping: 0.206100 ms MarkObjects: 4.569300 ms  DeleteObjects: 0.178500 ms)

========================================================================
Received Import Request.
  path: Assets/Settings/RoadObjectsSetting.asset
  artifactKey: Guid(88a3a2f31974a604fb1a973c707352a5) Importer(815301076,1909f56bfc062723c751e8b465ee728b)
Start importing Assets/Settings/RoadObjectsSetting.asset using Guid(88a3a2f31974a604fb1a973c707352a5) Importer(815301076,1909f56bfc062723c751e8b465ee728b)  -> (artifact id: '846dc098be131c3d393e99dc256cee45') in 0.203322 seconds
  Import took 0.208310 seconds .

========================================================================
Received Prepare
Refreshing native plugins compatible for Editor in 1.00 ms, found 0 plugins.
Preloading 0 native plugins for Editor in 0.00 ms.
Unloading 3 Unused Serialized files (Serialized files now loaded: 0)
System memory in use before: 39.1 MB.
System memory in use after: 39.2 MB.

Unloading 3 unused Assets to reduce memory usage. Loaded Objects now: 1773.
Total: 2.905800 ms (FindLiveObjects: 0.482500 ms CreateObjectMapping: 0.141600 ms MarkObjects: 2.195500 ms  DeleteObjects: 0.083400 ms)

========================================================================
Received Import Request.
  Time since last request: 29.742110 seconds.
  path: Assets/Prefabs/Obstacles/SideBarricade.prefab
  artifactKey: Guid(3ae30be02673be24dbce8cbfe2a6cb58) Importer(815301076,1909f56bfc062723c751e8b465ee728b)
Start importing Assets/Prefabs/Obstacles/SideBarricade.prefab using Guid(3ae30be02673be24dbce8cbfe2a6cb58) Importer(815301076,1909f56bfc062723c751e8b465ee728b)  -> (artifact id: 'bf875d6cc09d728b17eee2e8dbb54188') in 0.088093 seconds
  Import took 0.091512 seconds .

========================================================================
Received Import Request.
  Time since last request: 37.197374 seconds.
  path: Assets/Animations/BigBarricade/PlayerCollision.anim
  artifactKey: Guid(29e75a409f4f94a459deb12e29ce02e0) Importer(815301076,1909f56bfc062723c751e8b465ee728b)
Start importing Assets/Animations/BigBarricade/PlayerCollision.anim using Guid(29e75a409f4f94a459deb12e29ce02e0) Importer(815301076,1909f56bfc062723c751e8b465ee728b)  -> (artifact id: '37e71526e7224574f6cd9db8a34867d2') in 0.011939 seconds
  Import took 0.015183 seconds .

========================================================================
Received Import Request.
  Time since last request: 0.008862 seconds.
  path: Assets/Animations/BigBarricade/PlayerCollision.anim
  artifactKey: Guid(29e75a409f4f94a459deb12e29ce02e0) Importer(815301076,1909f56bfc062723c751e8b465ee728b)
Start importing Assets/Animations/BigBarricade/PlayerCollision.anim using Guid(29e75a409f4f94a459deb12e29ce02e0) Importer(815301076,1909f56bfc062723c751e8b465ee728b)  -> (artifact id: '37e71526e7224574f6cd9db8a34867d2') in 0.003792 seconds
  Import took 0.007223 seconds .

========================================================================
Received Prepare
Registering precompiled user dll's ...
Registered in 0.001111 seconds.
Begin MonoManager ReloadAssembly
Native extension for WindowsStandalone target not found
Native extension for WebGL target not found
Refreshing native plugins compatible for Editor in 0.31 ms, found 0 plugins.
Preloading 0 native plugins for Editor in 0.00 ms.
Invoked RoslynAnalysisRunner static constructor.
RoslynAnalysisRunner will not be running.
RoslynAnalysisRunner has terminated.
Mono: successfully reloaded assembly
- Completed reload, in  0.751 seconds
Platform modules already initialized, skipping
Switching build target platform(5) subTarget(0) extendedPlatform(0) -> platform(13) subTarget(537395200) extendedPlatform(0)
Refreshing native plugins compatible for Editor in 0.29 ms, found 0 plugins.
Preloading 0 native plugins for Editor in 0.00 ms.
Unloading 1311 Unused Serialized files (Serialized files now loaded: 0)
System memory in use before: 67.2 MB.
System memory in use after: 67.3 MB.

Unloading 6 unused Assets to reduce memory usage. Loaded Objects now: 1783.
Total: 1.729400 ms (FindLiveObjects: 0.209200 ms CreateObjectMapping: 0.031800 ms MarkObjects: 1.410900 ms  DeleteObjects: 0.075300 ms)

AssetImportParameters requested are different than current active one (requested -> active):
  custom:graphics/normal-map-encoding: 01000000000000000000000000000000 -> 02000000000000000000000000000000
========================================================================
Received Prepare
Registering precompiled user dll's ...
Registered in 0.001092 seconds.
Begin MonoManager ReloadAssembly
Native extension for WindowsStandalone target not found
Native extension for WebGL target not found
Refreshing native plugins compatible for Editor in 0.27 ms, found 0 plugins.
Preloading 0 native plugins for Editor in 0.00 ms.
Invoked RoslynAnalysisRunner static constructor.
RoslynAnalysisRunner will not be running.
RoslynAnalysisRunner has terminated.
Mono: successfully reloaded assembly
- Completed reload, in  0.783 seconds
Platform modules already initialized, skipping
Switching build target platform(5) subTarget(0) extendedPlatform(0) -> platform(13) subTarget(537395200) extendedPlatform(0)
Refreshing native plugins compatible for Editor in 0.26 ms, found 0 plugins.
Preloading 0 native plugins for Editor in 0.00 ms.
Unloading 1310 Unused Serialized files (Serialized files now loaded: 0)
System memory in use before: 67.2 MB.
System memory in use after: 67.3 MB.

Unloading 6 unused Assets to reduce memory usage. Loaded Objects now: 1785.
Total: 3.015100 ms (FindLiveObjects: 0.403700 ms CreateObjectMapping: 0.114300 ms MarkObjects: 2.412200 ms  DeleteObjects: 0.082500 ms)

AssetImportParameters requested are different than current active one (requested -> active):
  custom:graphics/normal-map-encoding: 01000000000000000000000000000000 -> 02000000000000000000000000000000
========================================================================
Received Prepare
Refreshing native plugins compatible for Editor in 0.80 ms, found 0 plugins.
Preloading 0 native plugins for Editor in 0.00 ms.
Unloading 3 Unused Serialized files (Serialized files now loaded: 0)
System memory in use before: 41.5 MB.
System memory in use after: 41.6 MB.

Unloading 3 unused Assets to reduce memory usage. Loaded Objects now: 1785.
Total: 2.758600 ms (FindLiveObjects: 0.331900 ms CreateObjectMapping: 0.044700 ms MarkObjects: 2.308800 ms  DeleteObjects: 0.071300 ms)

AssetImportWorkerClient::OnTransportError - code=2 error=End of file
