Using pre-set license
Built from '2020.2/staging' branch; Version is '2020.2.3f1 (8ff31bc5bf5b) revision 9433883'; Using compiler version '192528614'; Build Type 'Release'
OS: 'Windows 10 Home Single Language; OS build 19042.985; Version 2009; 64bit' Language: 'tr' Physical Memory: 7597 MB
BatchMode: 1, IsHumanControllingUs: 0, StartBugReporterOnCrash: 0, Is64bit: 1, IsPro: 0

 COMMAND LINE ARGUMENTS:
C:\UnityVersions\2020.2.3f1\Editor\Unity.exe
-adb2
-batchMode
-noUpm
-name
AssetImportWorker0
-projectPath
C:/Eray/Unity/TruckRush
-logFile
Logs/AssetImportWorker0.log
-srvPort
53819
Successfully changed project path to: C:/Eray/Unity/TruckRush
C:/Eray/Unity/TruckRush
Using Asset Import Pipeline V2.
Refreshing native plugins compatible for Editor in 27.23 ms, found 0 plugins.
Preloading 0 native plugins for Editor in 0.00 ms.
Initialize engine version: 2020.2.3f1 (8ff31bc5bf5b)
[Subsystems] Discovering subsystems at path C:/UnityVersions/2020.2.3f1/Editor/Data/Resources/UnitySubsystems
[Subsystems] Discovering subsystems at path C:/Eray/Unity/TruckRush/Assets
GfxDevice: creating device client; threaded=0
Direct3D:
    Version:  Direct3D 11.0 [level 11.1]
    Renderer: NVIDIA GeForce GTX 1660 Ti (ID=0x2191)
    Vendor:   
    VRAM:     5991 MB
    Driver:   27.21.14.6627
Initialize mono
Mono path[0] = 'C:/UnityVersions/2020.2.3f1/Editor/Data/Managed'
Mono path[1] = 'C:/UnityVersions/2020.2.3f1/Editor/Data/MonoBleedingEdge/lib/mono/unityjit'
Mono config path = 'C:/UnityVersions/2020.2.3f1/Editor/Data/MonoBleedingEdge/etc'
Using monoOptions --debugger-agent=transport=dt_socket,embedding=1,server=y,suspend=n,address=127.0.0.1:56608
Begin MonoManager ReloadAssembly
Registering precompiled unity dll's ...
Register platform support module: C:/UnityVersions/2020.2.3f1/Editor/Data/PlaybackEngines/WebGLSupport/UnityEditor.WebGL.Extensions.dll
Register platform support module: C:/UnityVersions/2020.2.3f1/Editor/Data/PlaybackEngines/WindowsStandaloneSupport/UnityEditor.WindowsStandalone.Extensions.dll
Registered in 0.001917 seconds.
Native extension for WindowsStandalone target not found
Native extension for WebGL target not found
Refreshing native plugins compatible for Editor in 25.62 ms, found 0 plugins.
Preloading 0 native plugins for Editor in 0.00 ms.
Invoked RoslynAnalysisRunner static constructor.
RoslynAnalysisRunner will not be running.
RoslynAnalysisRunner has terminated.
Mono: successfully reloaded assembly
- Completed reload, in  1.585 seconds
Platform modules already initialized, skipping
Registering precompiled user dll's ...
Registered in 0.000738 seconds.
Begin MonoManager ReloadAssembly
Native extension for WindowsStandalone target not found
Native extension for WebGL target not found
Refreshing native plugins compatible for Editor in 0.27 ms, found 0 plugins.
Preloading 0 native plugins for Editor in 0.00 ms.
Invoked RoslynAnalysisRunner static constructor.
RoslynAnalysisRunner will not be running.
RoslynAnalysisRunner has terminated.
Mono: successfully reloaded assembly
- Completed reload, in  0.768 seconds
Platform modules already initialized, skipping
========================================================================
Worker process is ready to serve import requests
Launched and connected shader compiler UnityShaderCompiler.exe after 0.06 seconds
Refreshing native plugins compatible for Editor in 0.29 ms, found 0 plugins.
Preloading 0 native plugins for Editor in 0.00 ms.
Unloading 1289 Unused Serialized files (Serialized files now loaded: 0)
System memory in use before: 64.1 MB.
System memory in use after: 64.2 MB.

Unloading 11 unused Assets to reduce memory usage. Loaded Objects now: 1733.
Total: 2.192400 ms (FindLiveObjects: 0.276700 ms CreateObjectMapping: 0.066900 ms MarkObjects: 1.752800 ms  DeleteObjects: 0.094000 ms)

========================================================================
Received Import Request.
  path: Assets/Prefabs/Truck.prefab
  artifactKey: Guid(a5e66add733af7c419cc45fa424d0395) Importer(815301076,1909f56bfc062723c751e8b465ee728b)
Start importing Assets/Prefabs/Truck.prefab using Guid(a5e66add733af7c419cc45fa424d0395) Importer(815301076,1909f56bfc062723c751e8b465ee728b)  -> (artifact id: '62bf81e50e18088f7dff692c89cfb5af') in 0.134945 seconds
  Import took 0.137764 seconds .

========================================================================
Received Import Request.
  Time since last request: 10.953422 seconds.
  path: Assets/Prefabs/Truck.prefab
  artifactKey: Guid(a5e66add733af7c419cc45fa424d0395) Importer(815301076,1909f56bfc062723c751e8b465ee728b)
Start importing Assets/Prefabs/Truck.prefab using Guid(a5e66add733af7c419cc45fa424d0395) Importer(815301076,1909f56bfc062723c751e8b465ee728b)  -> (artifact id: '8a84f583cfb655c0e915a730902f8b9b') in 0.017748 seconds
  Import took 0.020794 seconds .

========================================================================
Received Import Request.
  Time since last request: 2.560130 seconds.
  path: Assets/Prefabs/Truck.prefab
  artifactKey: Guid(a5e66add733af7c419cc45fa424d0395) Importer(815301076,1909f56bfc062723c751e8b465ee728b)
Start importing Assets/Prefabs/Truck.prefab using Guid(a5e66add733af7c419cc45fa424d0395) Importer(815301076,1909f56bfc062723c751e8b465ee728b)  -> (artifact id: '42bd12393fc0c86f42553b15911428c8') in 0.016305 seconds
  Import took 0.019061 seconds .

========================================================================
Received Import Request.
  Time since last request: 5.637694 seconds.
  path: Assets/Prefabs/Truck.prefab
  artifactKey: Guid(a5e66add733af7c419cc45fa424d0395) Importer(815301076,1909f56bfc062723c751e8b465ee728b)
Start importing Assets/Prefabs/Truck.prefab using Guid(a5e66add733af7c419cc45fa424d0395) Importer(815301076,1909f56bfc062723c751e8b465ee728b)  -> (artifact id: '3e5ec2025864fe0d15d3443273d6a516') in 0.016807 seconds
  Import took 0.020252 seconds .

========================================================================
Received Import Request.
  Time since last request: 15.124043 seconds.
  path: Assets/Prefabs/Truck.prefab
  artifactKey: Guid(a5e66add733af7c419cc45fa424d0395) Importer(815301076,1909f56bfc062723c751e8b465ee728b)
Start importing Assets/Prefabs/Truck.prefab using Guid(a5e66add733af7c419cc45fa424d0395) Importer(815301076,1909f56bfc062723c751e8b465ee728b)  -> (artifact id: 'd5569d7f7670eb5eed75a500ea214914') in 0.013750 seconds
  Import took 0.018040 seconds .

========================================================================
Received Import Request.
  Time since last request: 2.075459 seconds.
  path: Assets/Prefabs/Truck.prefab
  artifactKey: Guid(a5e66add733af7c419cc45fa424d0395) Importer(815301076,1909f56bfc062723c751e8b465ee728b)
Start importing Assets/Prefabs/Truck.prefab using Guid(a5e66add733af7c419cc45fa424d0395) Importer(815301076,1909f56bfc062723c751e8b465ee728b)  -> (artifact id: 'e9bfd5db924874fc97acc7e04de527be') in 0.022306 seconds
  Import took 0.027443 seconds .

========================================================================
Received Import Request.
  Time since last request: 1.576768 seconds.
  path: Assets/Prefabs/Truck.prefab
  artifactKey: Guid(a5e66add733af7c419cc45fa424d0395) Importer(815301076,1909f56bfc062723c751e8b465ee728b)
Start importing Assets/Prefabs/Truck.prefab using Guid(a5e66add733af7c419cc45fa424d0395) Importer(815301076,1909f56bfc062723c751e8b465ee728b)  -> (artifact id: '34aaa525f3918b90ea01a133bbd1d139') in 0.020239 seconds
  Import took 0.024690 seconds .

========================================================================
Received Import Request.
  Time since last request: 5.654100 seconds.
  path: Assets/Prefabs/Truck.prefab
  artifactKey: Guid(a5e66add733af7c419cc45fa424d0395) Importer(815301076,1909f56bfc062723c751e8b465ee728b)
Start importing Assets/Prefabs/Truck.prefab using Guid(a5e66add733af7c419cc45fa424d0395) Importer(815301076,1909f56bfc062723c751e8b465ee728b)  -> (artifact id: '0f1410064574d1074b765b61e031eb03') in 0.015766 seconds
  Import took 0.018724 seconds .

========================================================================
Received Import Request.
  Time since last request: 7.858987 seconds.
  path: Assets/Prefabs/Truck.prefab
  artifactKey: Guid(a5e66add733af7c419cc45fa424d0395) Importer(815301076,1909f56bfc062723c751e8b465ee728b)
Start importing Assets/Prefabs/Truck.prefab using Guid(a5e66add733af7c419cc45fa424d0395) Importer(815301076,1909f56bfc062723c751e8b465ee728b)  -> (artifact id: '1e96a4950696b582d004c33d01c334ba') in 0.015267 seconds
  Import took 0.018137 seconds .

========================================================================
Received Import Request.
  Time since last request: 6.661385 seconds.
  path: Assets/Prefabs/Truck.prefab
  artifactKey: Guid(a5e66add733af7c419cc45fa424d0395) Importer(815301076,1909f56bfc062723c751e8b465ee728b)
Start importing Assets/Prefabs/Truck.prefab using Guid(a5e66add733af7c419cc45fa424d0395) Importer(815301076,1909f56bfc062723c751e8b465ee728b)  -> (artifact id: '2f2066236088b02dd78804c2ca808d71') in 0.019055 seconds
  Import took 0.022028 seconds .

========================================================================
Received Import Request.
  Time since last request: 1.463279 seconds.
  path: Assets/Prefabs/Truck.prefab
  artifactKey: Guid(a5e66add733af7c419cc45fa424d0395) Importer(815301076,1909f56bfc062723c751e8b465ee728b)
Start importing Assets/Prefabs/Truck.prefab using Guid(a5e66add733af7c419cc45fa424d0395) Importer(815301076,1909f56bfc062723c751e8b465ee728b)  -> (artifact id: '5035a8a085906107bc4397e695ab4c5d') in 0.014851 seconds
  Import took 0.018003 seconds .

========================================================================
Received Import Request.
  Time since last request: 2.000372 seconds.
  path: Assets/Prefabs/Truck.prefab
  artifactKey: Guid(a5e66add733af7c419cc45fa424d0395) Importer(815301076,1909f56bfc062723c751e8b465ee728b)
Start importing Assets/Prefabs/Truck.prefab using Guid(a5e66add733af7c419cc45fa424d0395) Importer(815301076,1909f56bfc062723c751e8b465ee728b)  -> (artifact id: '1cd9ea2561812a6fbe1842ff242c965b') in 0.020359 seconds
  Import took 0.024399 seconds .

========================================================================
Received Import Request.
  Time since last request: 0.375055 seconds.
  path: Assets/Prefabs/Truck.prefab
  artifactKey: Guid(a5e66add733af7c419cc45fa424d0395) Importer(815301076,1909f56bfc062723c751e8b465ee728b)
Start importing Assets/Prefabs/Truck.prefab using Guid(a5e66add733af7c419cc45fa424d0395) Importer(815301076,1909f56bfc062723c751e8b465ee728b)  -> (artifact id: '4cf123bf6e69e1f18d85bbb6ad2080af') in 0.017141 seconds
  Import took 0.019860 seconds .

========================================================================
Received Import Request.
  Time since last request: 0.379096 seconds.
  path: Assets/Prefabs/Truck.prefab
  artifactKey: Guid(a5e66add733af7c419cc45fa424d0395) Importer(815301076,1909f56bfc062723c751e8b465ee728b)
Start importing Assets/Prefabs/Truck.prefab using Guid(a5e66add733af7c419cc45fa424d0395) Importer(815301076,1909f56bfc062723c751e8b465ee728b)  -> (artifact id: '7adc4c7932635c468f1819f41a14eceb') in 0.016821 seconds
  Import took 0.019449 seconds .

========================================================================
Received Import Request.
  Time since last request: 7.467003 seconds.
  path: Assets/Prefabs/Truck.prefab
  artifactKey: Guid(a5e66add733af7c419cc45fa424d0395) Importer(815301076,1909f56bfc062723c751e8b465ee728b)
Start importing Assets/Prefabs/Truck.prefab using Guid(a5e66add733af7c419cc45fa424d0395) Importer(815301076,1909f56bfc062723c751e8b465ee728b)  -> (artifact id: '74177bcb9070d63ed0318ca8da765731') in 0.017237 seconds
  Import took 0.020169 seconds .

========================================================================
Received Import Request.
  Time since last request: 6.844393 seconds.
  path: Assets/Prefabs/Truck.prefab
  artifactKey: Guid(a5e66add733af7c419cc45fa424d0395) Importer(815301076,1909f56bfc062723c751e8b465ee728b)
Start importing Assets/Prefabs/Truck.prefab using Guid(a5e66add733af7c419cc45fa424d0395) Importer(815301076,1909f56bfc062723c751e8b465ee728b)  -> (artifact id: 'f688a267836dee09118a366a54b976e4') in 0.018377 seconds
  Import took 0.021590 seconds .

========================================================================
Received Import Request.
  Time since last request: 2.428947 seconds.
  path: Assets/Prefabs/Truck.prefab
  artifactKey: Guid(a5e66add733af7c419cc45fa424d0395) Importer(815301076,1909f56bfc062723c751e8b465ee728b)
Start importing Assets/Prefabs/Truck.prefab using Guid(a5e66add733af7c419cc45fa424d0395) Importer(815301076,1909f56bfc062723c751e8b465ee728b)  -> (artifact id: 'f4be0aa066d40ce74e232fa45065fbb0') in 0.018334 seconds
  Import took 0.021399 seconds .

========================================================================
Received Import Request.
  Time since last request: 1.583759 seconds.
  path: Assets/Prefabs/Truck.prefab
  artifactKey: Guid(a5e66add733af7c419cc45fa424d0395) Importer(815301076,1909f56bfc062723c751e8b465ee728b)
Start importing Assets/Prefabs/Truck.prefab using Guid(a5e66add733af7c419cc45fa424d0395) Importer(815301076,1909f56bfc062723c751e8b465ee728b)  -> (artifact id: '808ec34e6b1def9f76eb371c3cbdd1e2') in 0.016799 seconds
  Import took 0.019943 seconds .

========================================================================
Received Prepare
Registering precompiled user dll's ...
Registered in 0.000710 seconds.
Begin MonoManager ReloadAssembly
Native extension for WindowsStandalone target not found
Native extension for WebGL target not found
Refreshing native plugins compatible for Editor in 0.25 ms, found 0 plugins.
Preloading 0 native plugins for Editor in 0.00 ms.
Invoked RoslynAnalysisRunner static constructor.
RoslynAnalysisRunner will not be running.
RoslynAnalysisRunner has terminated.
Mono: successfully reloaded assembly
- Completed reload, in  0.731 seconds
Platform modules already initialized, skipping
Switching build target platform(5) subTarget(0) extendedPlatform(0) -> platform(13) subTarget(537395200) extendedPlatform(0)
Refreshing native plugins compatible for Editor in 0.24 ms, found 0 plugins.
Preloading 0 native plugins for Editor in 0.00 ms.
Unloading 1274 Unused Serialized files (Serialized files now loaded: 0)
System memory in use before: 66.1 MB.
System memory in use after: 66.2 MB.

Unloading 6 unused Assets to reduce memory usage. Loaded Objects now: 1744.
Total: 1.591200 ms (FindLiveObjects: 0.163500 ms CreateObjectMapping: 0.031500 ms MarkObjects: 1.332500 ms  DeleteObjects: 0.062300 ms)

AssetImportParameters requested are different than current active one (requested -> active):
  custom:graphics/normal-map-encoding: 01000000000000000000000000000000 -> 02000000000000000000000000000000
========================================================================
Received Import Request.
  Time since last request: 308.881621 seconds.
  path: Assets/Prefabs/Truck.prefab
  artifactKey: Guid(a5e66add733af7c419cc45fa424d0395) Importer(815301076,1909f56bfc062723c751e8b465ee728b)
Start importing Assets/Prefabs/Truck.prefab using Guid(a5e66add733af7c419cc45fa424d0395) Importer(815301076,1909f56bfc062723c751e8b465ee728b)  -> (artifact id: '5f9c133b5f7f89f6b3da4b41a6cd1699') in 0.225789 seconds
  Import took 0.229235 seconds .

========================================================================
Received Prepare
Registering precompiled user dll's ...
Registered in 0.000703 seconds.
Begin MonoManager ReloadAssembly
Native extension for WindowsStandalone target not found
Native extension for WebGL target not found
Refreshing native plugins compatible for Editor in 0.24 ms, found 0 plugins.
Preloading 0 native plugins for Editor in 0.00 ms.
Invoked RoslynAnalysisRunner static constructor.
RoslynAnalysisRunner will not be running.
RoslynAnalysisRunner has terminated.
Mono: successfully reloaded assembly
- Completed reload, in  0.704 seconds
Platform modules already initialized, skipping
Switching build target platform(5) subTarget(0) extendedPlatform(0) -> platform(13) subTarget(537395200) extendedPlatform(0)
Refreshing native plugins compatible for Editor in 0.24 ms, found 0 plugins.
Preloading 0 native plugins for Editor in 0.00 ms.
Unloading 1273 Unused Serialized files (Serialized files now loaded: 0)
System memory in use before: 66.2 MB.
System memory in use after: 66.3 MB.

Unloading 6 unused Assets to reduce memory usage. Loaded Objects now: 1747.
Total: 2.679500 ms (FindLiveObjects: 0.246100 ms CreateObjectMapping: 0.057100 ms MarkObjects: 2.312400 ms  DeleteObjects: 0.062300 ms)

AssetImportParameters requested are different than current active one (requested -> active):
  custom:graphics/normal-map-encoding: 01000000000000000000000000000000 -> 02000000000000000000000000000000
========================================================================
Received Import Request.
  Time since last request: 307.813377 seconds.
  path: Assets/Prefabs/Truck.prefab
  artifactKey: Guid(a5e66add733af7c419cc45fa424d0395) Importer(815301076,1909f56bfc062723c751e8b465ee728b)
Start importing Assets/Prefabs/Truck.prefab using Guid(a5e66add733af7c419cc45fa424d0395) Importer(815301076,1909f56bfc062723c751e8b465ee728b)  -> (artifact id: '47f3a884a7b8131238a56bf479939106') in 0.060600 seconds
  Import took 0.063275 seconds .

========================================================================
Received Import Request.
  Time since last request: 2.198799 seconds.
  path: Assets/Prefabs/Truck.prefab
  artifactKey: Guid(a5e66add733af7c419cc45fa424d0395) Importer(815301076,1909f56bfc062723c751e8b465ee728b)
Start importing Assets/Prefabs/Truck.prefab using Guid(a5e66add733af7c419cc45fa424d0395) Importer(815301076,1909f56bfc062723c751e8b465ee728b)  -> (artifact id: 'dee2bc2c97e6cfe1a61149e7824b3be6') in 0.015500 seconds
  Import took 0.018759 seconds .

========================================================================
Received Import Request.
  Time since last request: 2.679312 seconds.
  path: Assets/Prefabs/Truck.prefab
  artifactKey: Guid(a5e66add733af7c419cc45fa424d0395) Importer(815301076,1909f56bfc062723c751e8b465ee728b)
Start importing Assets/Prefabs/Truck.prefab using Guid(a5e66add733af7c419cc45fa424d0395) Importer(815301076,1909f56bfc062723c751e8b465ee728b)  -> (artifact id: '68414d0dfbbbd966463094a6ee42e7b7') in 0.014912 seconds
  Import took 0.017921 seconds .

========================================================================
Received Import Request.
  Time since last request: 2.128284 seconds.
  path: Assets/Prefabs/Truck.prefab
  artifactKey: Guid(a5e66add733af7c419cc45fa424d0395) Importer(815301076,1909f56bfc062723c751e8b465ee728b)
Start importing Assets/Prefabs/Truck.prefab using Guid(a5e66add733af7c419cc45fa424d0395) Importer(815301076,1909f56bfc062723c751e8b465ee728b)  -> (artifact id: 'c71edfb885655657a7f5c1707043d174') in 0.014694 seconds
  Import took 0.017733 seconds .

========================================================================
Received Prepare
Registering precompiled user dll's ...
Registered in 0.000670 seconds.
Begin MonoManager ReloadAssembly
Native extension for WindowsStandalone target not found
Native extension for WebGL target not found
Refreshing native plugins compatible for Editor in 0.29 ms, found 0 plugins.
Preloading 0 native plugins for Editor in 0.00 ms.
Invoked RoslynAnalysisRunner static constructor.
RoslynAnalysisRunner will not be running.
RoslynAnalysisRunner has terminated.
Mono: successfully reloaded assembly
- Completed reload, in  0.825 seconds
Platform modules already initialized, skipping
Switching build target platform(5) subTarget(0) extendedPlatform(0) -> platform(13) subTarget(537395200) extendedPlatform(0)
Refreshing native plugins compatible for Editor in 0.31 ms, found 0 plugins.
Preloading 0 native plugins for Editor in 0.00 ms.
Unloading 1273 Unused Serialized files (Serialized files now loaded: 0)
System memory in use before: 66.2 MB.
System memory in use after: 66.3 MB.

Unloading 6 unused Assets to reduce memory usage. Loaded Objects now: 1750.
Total: 2.516000 ms (FindLiveObjects: 0.347600 ms CreateObjectMapping: 0.090200 ms MarkObjects: 2.012100 ms  DeleteObjects: 0.063900 ms)

AssetImportParameters requested are different than current active one (requested -> active):
  custom:graphics/normal-map-encoding: 01000000000000000000000000000000 -> 02000000000000000000000000000000
========================================================================
Received Prepare
Registering precompiled user dll's ...
Registered in 0.000683 seconds.
Begin MonoManager ReloadAssembly
Native extension for WindowsStandalone target not found
Native extension for WebGL target not found
Refreshing native plugins compatible for Editor in 0.60 ms, found 0 plugins.
Preloading 0 native plugins for Editor in 0.00 ms.
Invoked RoslynAnalysisRunner static constructor.
RoslynAnalysisRunner will not be running.
RoslynAnalysisRunner has terminated.
Mono: successfully reloaded assembly
- Completed reload, in  0.895 seconds
Platform modules already initialized, skipping
Switching build target platform(5) subTarget(0) extendedPlatform(0) -> platform(13) subTarget(537395200) extendedPlatform(0)
Refreshing native plugins compatible for Editor in 0.64 ms, found 0 plugins.
Preloading 0 native plugins for Editor in 0.00 ms.
Unloading 1273 Unused Serialized files (Serialized files now loaded: 0)
System memory in use before: 66.2 MB.
System memory in use after: 66.3 MB.

Unloading 6 unused Assets to reduce memory usage. Loaded Objects now: 1752.
Total: 3.159500 ms (FindLiveObjects: 0.601200 ms CreateObjectMapping: 0.091600 ms MarkObjects: 2.386900 ms  DeleteObjects: 0.078500 ms)

AssetImportParameters requested are different than current active one (requested -> active):
  custom:graphics/normal-map-encoding: 01000000000000000000000000000000 -> 02000000000000000000000000000000
========================================================================
Received Prepare
Registering precompiled user dll's ...
Registered in 0.000969 seconds.
Begin MonoManager ReloadAssembly
Native extension for WindowsStandalone target not found
Native extension for WebGL target not found
Refreshing native plugins compatible for Editor in 0.56 ms, found 0 plugins.
Preloading 0 native plugins for Editor in 0.00 ms.
Invoked RoslynAnalysisRunner static constructor.
RoslynAnalysisRunner will not be running.
RoslynAnalysisRunner has terminated.
Mono: successfully reloaded assembly
- Completed reload, in  0.866 seconds
Platform modules already initialized, skipping
Switching build target platform(5) subTarget(0) extendedPlatform(0) -> platform(13) subTarget(537395200) extendedPlatform(0)
Refreshing native plugins compatible for Editor in 0.43 ms, found 0 plugins.
Preloading 0 native plugins for Editor in 0.00 ms.
Unloading 1273 Unused Serialized files (Serialized files now loaded: 0)
System memory in use before: 66.2 MB.
System memory in use after: 66.3 MB.

Unloading 6 unused Assets to reduce memory usage. Loaded Objects now: 1754.
Total: 2.746600 ms (FindLiveObjects: 0.376400 ms CreateObjectMapping: 0.041300 ms MarkObjects: 2.261800 ms  DeleteObjects: 0.064500 ms)

AssetImportParameters requested are different than current active one (requested -> active):
  custom:graphics/normal-map-encoding: 01000000000000000000000000000000 -> 02000000000000000000000000000000
========================================================================
Received Prepare
Registering precompiled user dll's ...
Registered in 0.000779 seconds.
Begin MonoManager ReloadAssembly
Native extension for WindowsStandalone target not found
Native extension for WebGL target not found
Refreshing native plugins compatible for Editor in 0.27 ms, found 0 plugins.
Preloading 0 native plugins for Editor in 0.00 ms.
Invoked RoslynAnalysisRunner static constructor.
RoslynAnalysisRunner will not be running.
RoslynAnalysisRunner has terminated.
Mono: successfully reloaded assembly
- Completed reload, in  0.720 seconds
Platform modules already initialized, skipping
Switching build target platform(5) subTarget(0) extendedPlatform(0) -> platform(13) subTarget(537395200) extendedPlatform(0)
Refreshing native plugins compatible for Editor in 0.27 ms, found 0 plugins.
Preloading 0 native plugins for Editor in 0.00 ms.
Unloading 1273 Unused Serialized files (Serialized files now loaded: 0)
System memory in use before: 66.2 MB.
System memory in use after: 66.3 MB.

Unloading 6 unused Assets to reduce memory usage. Loaded Objects now: 1756.
Total: 2.346900 ms (FindLiveObjects: 0.228400 ms CreateObjectMapping: 0.032300 ms MarkObjects: 2.024000 ms  DeleteObjects: 0.060700 ms)

AssetImportParameters requested are different than current active one (requested -> active):
  custom:graphics/normal-map-encoding: 01000000000000000000000000000000 -> 02000000000000000000000000000000
========================================================================
Received Prepare
Registering precompiled user dll's ...
Registered in 0.000750 seconds.
Begin MonoManager ReloadAssembly
Native extension for WindowsStandalone target not found
Native extension for WebGL target not found
Refreshing native plugins compatible for Editor in 0.33 ms, found 0 plugins.
Preloading 0 native plugins for Editor in 0.00 ms.
Invoked RoslynAnalysisRunner static constructor.
RoslynAnalysisRunner will not be running.
RoslynAnalysisRunner has terminated.
Mono: successfully reloaded assembly
- Completed reload, in  0.731 seconds
Platform modules already initialized, skipping
Switching build target platform(5) subTarget(0) extendedPlatform(0) -> platform(13) subTarget(537395200) extendedPlatform(0)
Refreshing native plugins compatible for Editor in 0.24 ms, found 0 plugins.
Preloading 0 native plugins for Editor in 0.00 ms.
Unloading 1273 Unused Serialized files (Serialized files now loaded: 0)
System memory in use before: 66.2 MB.
System memory in use after: 66.3 MB.

Unloading 6 unused Assets to reduce memory usage. Loaded Objects now: 1758.
Total: 1.925100 ms (FindLiveObjects: 0.218500 ms CreateObjectMapping: 0.064200 ms MarkObjects: 1.575600 ms  DeleteObjects: 0.065500 ms)

AssetImportParameters requested are different than current active one (requested -> active):
  custom:graphics/normal-map-encoding: 01000000000000000000000000000000 -> 02000000000000000000000000000000
========================================================================
Received Import Request.
  Time since last request: 2526.052426 seconds.
  path: Assets/Animations/Barricade/PlayerCollision.anim
  artifactKey: Guid(5ef1ae5b68eaabf41ae85eff2743e397) Importer(815301076,1909f56bfc062723c751e8b465ee728b)
Start importing Assets/Animations/Barricade/PlayerCollision.anim using Guid(5ef1ae5b68eaabf41ae85eff2743e397) Importer(815301076,1909f56bfc062723c751e8b465ee728b)  -> (artifact id: 'aa1a8de03c79b9165727b8aaad7cb6ab') in 0.048024 seconds
  Import took 0.054727 seconds .

========================================================================
Received Import Request.
  Time since last request: 144.462947 seconds.
  path: Assets/Animations/Barricade/Barricade.controller
  artifactKey: Guid(089aedfaa2d232e4db4ed8b6f9108bd4) Importer(815301076,1909f56bfc062723c751e8b465ee728b)
Start importing Assets/Animations/Barricade/Barricade.controller using Guid(089aedfaa2d232e4db4ed8b6f9108bd4) Importer(815301076,1909f56bfc062723c751e8b465ee728b)  -> (artifact id: 'd9688c6e037c2f225159a7d69a3f049c') in 0.032176 seconds
  Import took 0.040252 seconds .

========================================================================
Received Prepare
Registering precompiled user dll's ...
Registered in 0.001252 seconds.
Begin MonoManager ReloadAssembly
Native extension for WindowsStandalone target not found
Native extension for WebGL target not found
Refreshing native plugins compatible for Editor in 0.47 ms, found 0 plugins.
Preloading 0 native plugins for Editor in 0.00 ms.
Invoked RoslynAnalysisRunner static constructor.
RoslynAnalysisRunner will not be running.
RoslynAnalysisRunner has terminated.
Mono: successfully reloaded assembly
- Completed reload, in  2.177 seconds
Platform modules already initialized, skipping
Switching build target platform(5) subTarget(0) extendedPlatform(0) -> platform(13) subTarget(537395200) extendedPlatform(0)
Refreshing native plugins compatible for Editor in 0.74 ms, found 0 plugins.
Preloading 0 native plugins for Editor in 0.00 ms.
Unloading 1273 Unused Serialized files (Serialized files now loaded: 0)
System memory in use before: 66.3 MB.
System memory in use after: 66.3 MB.

Unloading 6 unused Assets to reduce memory usage. Loaded Objects now: 1760.
Total: 7.189400 ms (FindLiveObjects: 0.533200 ms CreateObjectMapping: 0.243700 ms MarkObjects: 6.241000 ms  DeleteObjects: 0.167800 ms)

AssetImportParameters requested are different than current active one (requested -> active):
  custom:graphics/normal-map-encoding: 01000000000000000000000000000000 -> 02000000000000000000000000000000
========================================================================
Received Prepare
Registering precompiled user dll's ...
Registered in 0.001552 seconds.
Begin MonoManager ReloadAssembly
Native extension for WindowsStandalone target not found
Native extension for WebGL target not found
Refreshing native plugins compatible for Editor in 0.50 ms, found 0 plugins.
Preloading 0 native plugins for Editor in 0.00 ms.
Invoked RoslynAnalysisRunner static constructor.
RoslynAnalysisRunner will not be running.
RoslynAnalysisRunner has terminated.
Mono: successfully reloaded assembly
- Completed reload, in  2.258 seconds
Platform modules already initialized, skipping
Switching build target platform(5) subTarget(0) extendedPlatform(0) -> platform(13) subTarget(537395200) extendedPlatform(0)
Refreshing native plugins compatible for Editor in 0.61 ms, found 0 plugins.
Preloading 0 native plugins for Editor in 0.00 ms.
Unloading 1273 Unused Serialized files (Serialized files now loaded: 0)
System memory in use before: 66.3 MB.
System memory in use after: 66.3 MB.

Unloading 6 unused Assets to reduce memory usage. Loaded Objects now: 1762.
Total: 3.757200 ms (FindLiveObjects: 0.474900 ms CreateObjectMapping: 0.088400 ms MarkObjects: 3.083600 ms  DeleteObjects: 0.107500 ms)

AssetImportParameters requested are different than current active one (requested -> active):
  custom:graphics/normal-map-encoding: 01000000000000000000000000000000 -> 02000000000000000000000000000000
========================================================================
Received Prepare
Registering precompiled user dll's ...
Registered in 0.001492 seconds.
Begin MonoManager ReloadAssembly
Native extension for WindowsStandalone target not found
Native extension for WebGL target not found
Refreshing native plugins compatible for Editor in 0.47 ms, found 0 plugins.
Preloading 0 native plugins for Editor in 0.00 ms.
Invoked RoslynAnalysisRunner static constructor.
RoslynAnalysisRunner will not be running.
RoslynAnalysisRunner has terminated.
Mono: successfully reloaded assembly
- Completed reload, in  2.228 seconds
Platform modules already initialized, skipping
Switching build target platform(5) subTarget(0) extendedPlatform(0) -> platform(13) subTarget(537395200) extendedPlatform(0)
Refreshing native plugins compatible for Editor in 0.47 ms, found 0 plugins.
Preloading 0 native plugins for Editor in 0.00 ms.
Unloading 1273 Unused Serialized files (Serialized files now loaded: 0)
System memory in use before: 66.3 MB.
System memory in use after: 66.3 MB.

Unloading 6 unused Assets to reduce memory usage. Loaded Objects now: 1764.
Total: 3.657800 ms (FindLiveObjects: 0.324000 ms CreateObjectMapping: 0.082100 ms MarkObjects: 3.119600 ms  DeleteObjects: 0.129900 ms)

AssetImportParameters requested are different than current active one (requested -> active):
  custom:graphics/normal-map-encoding: 01000000000000000000000000000000 -> 02000000000000000000000000000000
========================================================================
Received Import Request.
  Time since last request: 682.460668 seconds.
  path: Assets/Animations/Barricade/Barricade.controller
  artifactKey: Guid(089aedfaa2d232e4db4ed8b6f9108bd4) Importer(815301076,1909f56bfc062723c751e8b465ee728b)
Start importing Assets/Animations/Barricade/Barricade.controller using Guid(089aedfaa2d232e4db4ed8b6f9108bd4) Importer(815301076,1909f56bfc062723c751e8b465ee728b)  -> (artifact id: 'ffe585e6c16e797fcdcd3ccc58ac3d4b') in 0.031103 seconds
  Import took 0.036513 seconds .

========================================================================
Received Import Request.
  Time since last request: 0.010181 seconds.
  path: Assets/Animations/Barricade/Barricade.controller
  artifactKey: Guid(089aedfaa2d232e4db4ed8b6f9108bd4) Importer(815301076,1909f56bfc062723c751e8b465ee728b)
Start importing Assets/Animations/Barricade/Barricade.controller using Guid(089aedfaa2d232e4db4ed8b6f9108bd4) Importer(815301076,1909f56bfc062723c751e8b465ee728b)  -> (artifact id: 'ffe585e6c16e797fcdcd3ccc58ac3d4b') in 0.008254 seconds
  Import took 0.013048 seconds .

========================================================================
Received Prepare
Registering precompiled user dll's ...
Registered in 0.001525 seconds.
Begin MonoManager ReloadAssembly
Native extension for WindowsStandalone target not found
Native extension for WebGL target not found
Refreshing native plugins compatible for Editor in 0.84 ms, found 0 plugins.
Preloading 0 native plugins for Editor in 0.00 ms.
Invoked RoslynAnalysisRunner static constructor.
RoslynAnalysisRunner will not be running.
RoslynAnalysisRunner has terminated.
Mono: successfully reloaded assembly
- Completed reload, in  2.187 seconds
Platform modules already initialized, skipping
Switching build target platform(5) subTarget(0) extendedPlatform(0) -> platform(13) subTarget(537395200) extendedPlatform(0)
Refreshing native plugins compatible for Editor in 0.59 ms, found 0 plugins.
Preloading 0 native plugins for Editor in 0.00 ms.
Unloading 1273 Unused Serialized files (Serialized files now loaded: 0)
System memory in use before: 66.3 MB.
System memory in use after: 66.3 MB.

Unloading 6 unused Assets to reduce memory usage. Loaded Objects now: 1766.
Total: 3.531900 ms (FindLiveObjects: 0.283800 ms CreateObjectMapping: 0.078900 ms MarkObjects: 3.043600 ms  DeleteObjects: 0.123200 ms)

AssetImportParameters requested are different than current active one (requested -> active):
  custom:graphics/normal-map-encoding: 01000000000000000000000000000000 -> 02000000000000000000000000000000
========================================================================
Received Prepare
Registering precompiled user dll's ...
Registered in 0.001494 seconds.
Begin MonoManager ReloadAssembly
Native extension for WindowsStandalone target not found
Native extension for WebGL target not found
Refreshing native plugins compatible for Editor in 0.69 ms, found 0 plugins.
Preloading 0 native plugins for Editor in 0.00 ms.
Invoked RoslynAnalysisRunner static constructor.
RoslynAnalysisRunner will not be running.
RoslynAnalysisRunner has terminated.
Mono: successfully reloaded assembly
- Completed reload, in  2.441 seconds
Platform modules already initialized, skipping
Switching build target platform(5) subTarget(0) extendedPlatform(0) -> platform(13) subTarget(537395200) extendedPlatform(0)
Refreshing native plugins compatible for Editor in 0.46 ms, found 0 plugins.
Preloading 0 native plugins for Editor in 0.00 ms.
Unloading 1273 Unused Serialized files (Serialized files now loaded: 0)
System memory in use before: 66.3 MB.
System memory in use after: 66.4 MB.

Unloading 6 unused Assets to reduce memory usage. Loaded Objects now: 1768.
Total: 3.724100 ms (FindLiveObjects: 0.290100 ms CreateObjectMapping: 0.082200 ms MarkObjects: 3.220000 ms  DeleteObjects: 0.129000 ms)

AssetImportParameters requested are different than current active one (requested -> active):
  custom:graphics/normal-map-encoding: 01000000000000000000000000000000 -> 02000000000000000000000000000000
========================================================================
Received Prepare
Registering precompiled user dll's ...
Registered in 0.001641 seconds.
Begin MonoManager ReloadAssembly
Native extension for WindowsStandalone target not found
Native extension for WebGL target not found
Refreshing native plugins compatible for Editor in 0.54 ms, found 0 plugins.
Preloading 0 native plugins for Editor in 0.00 ms.
Invoked RoslynAnalysisRunner static constructor.
RoslynAnalysisRunner will not be running.
RoslynAnalysisRunner has terminated.
Mono: successfully reloaded assembly
- Completed reload, in  2.347 seconds
Platform modules already initialized, skipping
Switching build target platform(5) subTarget(0) extendedPlatform(0) -> platform(13) subTarget(537395200) extendedPlatform(0)
Refreshing native plugins compatible for Editor in 0.47 ms, found 0 plugins.
Preloading 0 native plugins for Editor in 0.00 ms.
Unloading 1273 Unused Serialized files (Serialized files now loaded: 0)
System memory in use before: 66.3 MB.
System memory in use after: 66.4 MB.

Unloading 6 unused Assets to reduce memory usage. Loaded Objects now: 1770.
Total: 4.016700 ms (FindLiveObjects: 0.439200 ms CreateObjectMapping: 0.083200 ms MarkObjects: 3.347000 ms  DeleteObjects: 0.144300 ms)

AssetImportParameters requested are different than current active one (requested -> active):
  custom:graphics/normal-map-encoding: 01000000000000000000000000000000 -> 02000000000000000000000000000000
========================================================================
Received Prepare
Registering precompiled user dll's ...
Registered in 0.001504 seconds.
Begin MonoManager ReloadAssembly
Native extension for WindowsStandalone target not found
Native extension for WebGL target not found
Refreshing native plugins compatible for Editor in 0.50 ms, found 0 plugins.
Preloading 0 native plugins for Editor in 0.00 ms.
Invoked RoslynAnalysisRunner static constructor.
RoslynAnalysisRunner will not be running.
RoslynAnalysisRunner has terminated.
Mono: successfully reloaded assembly
- Completed reload, in  2.370 seconds
Platform modules already initialized, skipping
Switching build target platform(5) subTarget(0) extendedPlatform(0) -> platform(13) subTarget(537395200) extendedPlatform(0)
Refreshing native plugins compatible for Editor in 0.53 ms, found 0 plugins.
Preloading 0 native plugins for Editor in 0.00 ms.
Unloading 1273 Unused Serialized files (Serialized files now loaded: 0)
System memory in use before: 66.3 MB.
System memory in use after: 66.4 MB.

Unloading 6 unused Assets to reduce memory usage. Loaded Objects now: 1772.
Total: 3.401700 ms (FindLiveObjects: 0.274600 ms CreateObjectMapping: 0.080700 ms MarkObjects: 2.930200 ms  DeleteObjects: 0.114300 ms)

AssetImportParameters requested are different than current active one (requested -> active):
  custom:graphics/normal-map-encoding: 01000000000000000000000000000000 -> 02000000000000000000000000000000
========================================================================
Received Prepare
Registering precompiled user dll's ...
Registered in 0.001205 seconds.
Begin MonoManager ReloadAssembly
Native extension for WindowsStandalone target not found
Native extension for WebGL target not found
Refreshing native plugins compatible for Editor in 0.25 ms, found 0 plugins.
Preloading 0 native plugins for Editor in 0.00 ms.
Invoked RoslynAnalysisRunner static constructor.
RoslynAnalysisRunner will not be running.
RoslynAnalysisRunner has terminated.
Mono: successfully reloaded assembly
- Completed reload, in  0.762 seconds
Platform modules already initialized, skipping
Switching build target platform(5) subTarget(0) extendedPlatform(0) -> platform(13) subTarget(537395200) extendedPlatform(0)
Refreshing native plugins compatible for Editor in 0.24 ms, found 0 plugins.
Preloading 0 native plugins for Editor in 0.00 ms.
Unloading 1273 Unused Serialized files (Serialized files now loaded: 0)
System memory in use before: 66.3 MB.
System memory in use after: 66.4 MB.

Unloading 6 unused Assets to reduce memory usage. Loaded Objects now: 1774.
Total: 2.035900 ms (FindLiveObjects: 0.163200 ms CreateObjectMapping: 0.031300 ms MarkObjects: 1.777700 ms  DeleteObjects: 0.062900 ms)

AssetImportParameters requested are different than current active one (requested -> active):
  custom:graphics/normal-map-encoding: 01000000000000000000000000000000 -> 02000000000000000000000000000000
========================================================================
Received Prepare
Registering precompiled user dll's ...
Registered in 0.000695 seconds.
Begin MonoManager ReloadAssembly
Native extension for WindowsStandalone target not found
Native extension for WebGL target not found
Refreshing native plugins compatible for Editor in 0.26 ms, found 0 plugins.
Preloading 0 native plugins for Editor in 0.00 ms.
Invoked RoslynAnalysisRunner static constructor.
RoslynAnalysisRunner will not be running.
RoslynAnalysisRunner has terminated.
Mono: successfully reloaded assembly
- Completed reload, in  0.782 seconds
Platform modules already initialized, skipping
Switching build target platform(5) subTarget(0) extendedPlatform(0) -> platform(13) subTarget(537395200) extendedPlatform(0)
Refreshing native plugins compatible for Editor in 0.30 ms, found 0 plugins.
Preloading 0 native plugins for Editor in 0.00 ms.
Unloading 1273 Unused Serialized files (Serialized files now loaded: 0)
System memory in use before: 66.3 MB.
System memory in use after: 66.4 MB.

Unloading 6 unused Assets to reduce memory usage. Loaded Objects now: 1776.
Total: 2.159300 ms (FindLiveObjects: 0.335600 ms CreateObjectMapping: 0.042200 ms MarkObjects: 1.712200 ms  DeleteObjects: 0.067400 ms)

AssetImportParameters requested are different than current active one (requested -> active):
  custom:graphics/normal-map-encoding: 01000000000000000000000000000000 -> 02000000000000000000000000000000
========================================================================
Received Import Request.
  Time since last request: 3804.151831 seconds.
  path: Assets/Animations/Barricade/idle.anim
  artifactKey: Guid(b7eb6d19282f1804290c85b89421c63d) Importer(815301076,1909f56bfc062723c751e8b465ee728b)
Start importing Assets/Animations/Barricade/idle.anim using Guid(b7eb6d19282f1804290c85b89421c63d) Importer(815301076,1909f56bfc062723c751e8b465ee728b)  -> (artifact id: '6234c9a1aa02414e3f44622098dea267') in 0.017105 seconds
  Import took 0.020614 seconds .

========================================================================
Received Import Request.
  Time since last request: 1.910565 seconds.
  path: Assets/Animations/Barricade/idle.anim
  artifactKey: Guid(b7eb6d19282f1804290c85b89421c63d) Importer(815301076,1909f56bfc062723c751e8b465ee728b)
Start importing Assets/Animations/Barricade/idle.anim using Guid(b7eb6d19282f1804290c85b89421c63d) Importer(815301076,1909f56bfc062723c751e8b465ee728b)  -> (artifact id: '6ddcb4fdb726b738f36d84be1c12b154') in 0.003523 seconds
  Import took 0.008544 seconds .

========================================================================
Received Prepare
Registering precompiled user dll's ...
Registered in 0.000875 seconds.
Begin MonoManager ReloadAssembly
Native extension for WindowsStandalone target not found
Native extension for WebGL target not found
Refreshing native plugins compatible for Editor in 0.25 ms, found 0 plugins.
Preloading 0 native plugins for Editor in 0.00 ms.
Invoked RoslynAnalysisRunner static constructor.
RoslynAnalysisRunner will not be running.
RoslynAnalysisRunner has terminated.
Mono: successfully reloaded assembly
- Completed reload, in  0.780 seconds
Platform modules already initialized, skipping
Switching build target platform(5) subTarget(0) extendedPlatform(0) -> platform(13) subTarget(537395200) extendedPlatform(0)
Refreshing native plugins compatible for Editor in 0.27 ms, found 0 plugins.
Preloading 0 native plugins for Editor in 0.00 ms.
Unloading 1273 Unused Serialized files (Serialized files now loaded: 0)
System memory in use before: 66.3 MB.
System memory in use after: 66.4 MB.

Unloading 6 unused Assets to reduce memory usage. Loaded Objects now: 1778.
Total: 2.203700 ms (FindLiveObjects: 0.272500 ms CreateObjectMapping: 0.057400 ms MarkObjects: 1.808100 ms  DeleteObjects: 0.063900 ms)

AssetImportParameters requested are different than current active one (requested -> active):
  custom:graphics/normal-map-encoding: 01000000000000000000000000000000 -> 02000000000000000000000000000000
========================================================================
Received Import Request.
  Time since last request: 412.874431 seconds.
  path: Assets/Scripts/GameSystems/ScoreManager.cs
  artifactKey: Guid(0dfefd924255fdc4aa2104cbe052fbec) Importer(815301076,1909f56bfc062723c751e8b465ee728b)
Start importing Assets/Scripts/GameSystems/ScoreManager.cs using Guid(0dfefd924255fdc4aa2104cbe052fbec) Importer(815301076,1909f56bfc062723c751e8b465ee728b)  -> (artifact id: '1101a693992322dea8ad228bce06409d') in 0.027058 seconds
  Import took 0.031085 seconds .

========================================================================
Received Prepare
Registering precompiled user dll's ...
Registered in 0.000766 seconds.
Begin MonoManager ReloadAssembly
Native extension for WindowsStandalone target not found
Native extension for WebGL target not found
Refreshing native plugins compatible for Editor in 0.25 ms, found 0 plugins.
Preloading 0 native plugins for Editor in 0.00 ms.
Invoked RoslynAnalysisRunner static constructor.
RoslynAnalysisRunner will not be running.
RoslynAnalysisRunner has terminated.
Mono: successfully reloaded assembly
- Completed reload, in  0.814 seconds
Platform modules already initialized, skipping
Switching build target platform(5) subTarget(0) extendedPlatform(0) -> platform(13) subTarget(537395200) extendedPlatform(0)
Refreshing native plugins compatible for Editor in 0.28 ms, found 0 plugins.
Preloading 0 native plugins for Editor in 0.00 ms.
Unloading 1274 Unused Serialized files (Serialized files now loaded: 0)
System memory in use before: 66.3 MB.
System memory in use after: 66.4 MB.

Unloading 6 unused Assets to reduce memory usage. Loaded Objects now: 1781.
Total: 1.815500 ms (FindLiveObjects: 0.234500 ms CreateObjectMapping: 0.060600 ms MarkObjects: 1.453600 ms  DeleteObjects: 0.065500 ms)

AssetImportParameters requested are different than current active one (requested -> active):
  custom:graphics/normal-map-encoding: 01000000000000000000000000000000 -> 02000000000000000000000000000000
========================================================================
Received Import Request.
  Time since last request: 699.865185 seconds.
  path: Assets/Scripts/GameSystems/ScoreManager.cs
  artifactKey: Guid(0dfefd924255fdc4aa2104cbe052fbec) Importer(815301076,1909f56bfc062723c751e8b465ee728b)
Start importing Assets/Scripts/GameSystems/ScoreManager.cs using Guid(0dfefd924255fdc4aa2104cbe052fbec) Importer(815301076,1909f56bfc062723c751e8b465ee728b)  -> (artifact id: '99417dba15cf4f223dcfc82d7035c22a') in 0.015908 seconds
  Import took 0.025787 seconds .

========================================================================
Received Prepare
Registering precompiled user dll's ...
Registered in 0.001517 seconds.
Begin MonoManager ReloadAssembly
Native extension for WindowsStandalone target not found
Native extension for WebGL target not found
Refreshing native plugins compatible for Editor in 0.57 ms, found 0 plugins.
Preloading 0 native plugins for Editor in 0.00 ms.
Invoked RoslynAnalysisRunner static constructor.
RoslynAnalysisRunner will not be running.
RoslynAnalysisRunner has terminated.
Mono: successfully reloaded assembly
- Completed reload, in  2.185 seconds
Platform modules already initialized, skipping
Switching build target platform(5) subTarget(0) extendedPlatform(0) -> platform(13) subTarget(537395200) extendedPlatform(0)
Refreshing native plugins compatible for Editor in 0.46 ms, found 0 plugins.
Preloading 0 native plugins for Editor in 0.00 ms.
Unloading 1276 Unused Serialized files (Serialized files now loaded: 0)
System memory in use before: 66.4 MB.
System memory in use after: 66.5 MB.

Unloading 6 unused Assets to reduce memory usage. Loaded Objects now: 1785.
Total: 3.622200 ms (FindLiveObjects: 0.290700 ms CreateObjectMapping: 0.081200 ms MarkObjects: 3.133000 ms  DeleteObjects: 0.114500 ms)

AssetImportParameters requested are different than current active one (requested -> active):
  custom:graphics/normal-map-encoding: 01000000000000000000000000000000 -> 02000000000000000000000000000000
========================================================================
Received Import Request.
  Time since last request: 97.628070 seconds.
  path: Assets/Scripts/GameSystems/ScoreManager.cs
  artifactKey: Guid(0dfefd924255fdc4aa2104cbe052fbec) Importer(815301076,1909f56bfc062723c751e8b465ee728b)
Start importing Assets/Scripts/GameSystems/ScoreManager.cs using Guid(0dfefd924255fdc4aa2104cbe052fbec) Importer(815301076,1909f56bfc062723c751e8b465ee728b)  -> (artifact id: '5e60c712fe939e9900df86b5ef6faa78') in 0.010892 seconds
  Import took 0.017840 seconds .

========================================================================
Received Import Request.
  Time since last request: 52.822664 seconds.
  path: Assets/TextMesh Pro/Fonts/LiberationSans.ttf
  artifactKey: Guid(e3265ab4bf004d28a9537516768c1c75) Importer(815301076,1909f56bfc062723c751e8b465ee728b)
Start importing Assets/TextMesh Pro/Fonts/LiberationSans.ttf using Guid(e3265ab4bf004d28a9537516768c1c75) Importer(815301076,1909f56bfc062723c751e8b465ee728b)  -> (artifact id: '990dd1be72c65ef70b9e1cfd4ce49042') in 0.279598 seconds
  Import took 0.285737 seconds .

========================================================================
Received Import Request.
  Time since last request: 0.000492 seconds.
  path: Assets/SimplePixelUI/fonts/Font2/pixelfont2.ttf
  artifactKey: Guid(a6dede01cb8e479429b8bc5253a2ad2f) Importer(815301076,1909f56bfc062723c751e8b465ee728b)
Start importing Assets/SimplePixelUI/fonts/Font2/pixelfont2.ttf using Guid(a6dede01cb8e479429b8bc5253a2ad2f) Importer(815301076,1909f56bfc062723c751e8b465ee728b)  -> (artifact id: '6ba17ae75d23470c781612afe075456c') in 0.037480 seconds
  Import took 0.042490 seconds .

========================================================================
Received Import Request.
  Time since last request: 0.000555 seconds.
  path: Assets/SimplePixelUI/fonts/Font1/pixelfont.ttf
  artifactKey: Guid(b6349d08a5335cd4aa534282435d11cc) Importer(815301076,1909f56bfc062723c751e8b465ee728b)
Start importing Assets/SimplePixelUI/fonts/Font1/pixelfont.ttf using Guid(b6349d08a5335cd4aa534282435d11cc) Importer(815301076,1909f56bfc062723c751e8b465ee728b)  -> (artifact id: '9a019160d843089a7c9c5311cba8a142') in 0.035295 seconds
  Import took 0.040116 seconds .

========================================================================
Received Import Request.
  Time since last request: 318.589305 seconds.
  path: Assets/Scripts/UI/Notifications
  artifactKey: Guid(18b5048771aeba149ae1234dd217b085) Importer(815301076,1909f56bfc062723c751e8b465ee728b)
Start importing Assets/Scripts/UI/Notifications using Guid(18b5048771aeba149ae1234dd217b085) Importer(815301076,1909f56bfc062723c751e8b465ee728b)  -> (artifact id: 'dc9a6d4a6c63ffd89600edf8af20bceb') in 0.020311 seconds
  Import took 0.026640 seconds .

========================================================================
Received Import Request.
  Time since last request: 0.005319 seconds.
  path: Assets/Scripts/UI/Notifications
  artifactKey: Guid(18b5048771aeba149ae1234dd217b085) Importer(815301076,1909f56bfc062723c751e8b465ee728b)
Start importing Assets/Scripts/UI/Notifications using Guid(18b5048771aeba149ae1234dd217b085) Importer(815301076,1909f56bfc062723c751e8b465ee728b)  -> (artifact id: 'dc9a6d4a6c63ffd89600edf8af20bceb') in 0.007021 seconds
  Import took 0.013781 seconds .

========================================================================
Received Import Request.
  Time since last request: 18.087429 seconds.
  path: Assets/Prefabs/Truck.prefab
  artifactKey: Guid(a5e66add733af7c419cc45fa424d0395) Importer(815301076,1909f56bfc062723c751e8b465ee728b)
Start importing Assets/Prefabs/Truck.prefab using Guid(a5e66add733af7c419cc45fa424d0395) Importer(815301076,1909f56bfc062723c751e8b465ee728b)  -> (artifact id: 'ed854eb21f3ad951fc510dd596e11658') in 0.078861 seconds
  Import took 0.086404 seconds .

========================================================================
Received Import Request.
  Time since last request: 1.988353 seconds.
  path: Assets/Prefabs/UI/NotificationPrefab.prefab
  artifactKey: Guid(516787435937ed942bd1a0dc28bea810) Importer(815301076,1909f56bfc062723c751e8b465ee728b)
Start importing Assets/Prefabs/UI/NotificationPrefab.prefab using Guid(516787435937ed942bd1a0dc28bea810) Importer(815301076,1909f56bfc062723c751e8b465ee728b)  -> (artifact id: 'cb32fce492ed1d5d8471abcd09214c07') in 0.123535 seconds
  Import took 0.131228 seconds .

========================================================================
Received Import Request.
  Time since last request: 0.025807 seconds.
  path: Assets/Prefabs/UI/NotificationPrefab.prefab
  artifactKey: Guid(516787435937ed942bd1a0dc28bea810) Importer(815301076,1909f56bfc062723c751e8b465ee728b)
Start importing Assets/Prefabs/UI/NotificationPrefab.prefab using Guid(516787435937ed942bd1a0dc28bea810) Importer(815301076,1909f56bfc062723c751e8b465ee728b)  -> (artifact id: 'cb32fce492ed1d5d8471abcd09214c07') in 0.027953 seconds
  Import took 0.035033 seconds .

========================================================================
Received Prepare
Registering precompiled user dll's ...
Registered in 0.001848 seconds.
Begin MonoManager ReloadAssembly
Native extension for WindowsStandalone target not found
Native extension for WebGL target not found
Refreshing native plugins compatible for Editor in 0.46 ms, found 0 plugins.
Preloading 0 native plugins for Editor in 0.00 ms.
Invoked RoslynAnalysisRunner static constructor.
RoslynAnalysisRunner will not be running.
RoslynAnalysisRunner has terminated.
Mono: successfully reloaded assembly
- Completed reload, in  2.204 seconds
Platform modules already initialized, skipping
Switching build target platform(5) subTarget(0) extendedPlatform(0) -> platform(13) subTarget(537395200) extendedPlatform(0)
Refreshing native plugins compatible for Editor in 0.50 ms, found 0 plugins.
Preloading 0 native plugins for Editor in 0.00 ms.
Unloading 1276 Unused Serialized files (Serialized files now loaded: 0)
System memory in use before: 66.8 MB.
System memory in use after: 66.9 MB.

Unloading 6 unused Assets to reduce memory usage. Loaded Objects now: 1825.
Total: 3.425600 ms (FindLiveObjects: 0.289200 ms CreateObjectMapping: 0.085700 ms MarkObjects: 2.939800 ms  DeleteObjects: 0.108100 ms)

AssetImportParameters requested are different than current active one (requested -> active):
  custom:graphics/normal-map-encoding: 01000000000000000000000000000000 -> 02000000000000000000000000000000
========================================================================
Received Prepare
Registering precompiled user dll's ...
Registered in 0.001453 seconds.
Begin MonoManager ReloadAssembly
Native extension for WindowsStandalone target not found
Native extension for WebGL target not found
Refreshing native plugins compatible for Editor in 0.49 ms, found 0 plugins.
Preloading 0 native plugins for Editor in 0.00 ms.
Invoked RoslynAnalysisRunner static constructor.
RoslynAnalysisRunner will not be running.
RoslynAnalysisRunner has terminated.
Mono: successfully reloaded assembly
- Completed reload, in  2.459 seconds
Platform modules already initialized, skipping
Switching build target platform(5) subTarget(0) extendedPlatform(0) -> platform(13) subTarget(537395200) extendedPlatform(0)
Refreshing native plugins compatible for Editor in 0.46 ms, found 0 plugins.
Preloading 0 native plugins for Editor in 0.00 ms.
Unloading 1276 Unused Serialized files (Serialized files now loaded: 0)
System memory in use before: 66.8 MB.
System memory in use after: 66.9 MB.

Unloading 6 unused Assets to reduce memory usage. Loaded Objects now: 1827.
Total: 3.672500 ms (FindLiveObjects: 0.427500 ms CreateObjectMapping: 0.089300 ms MarkObjects: 3.041900 ms  DeleteObjects: 0.111400 ms)

AssetImportParameters requested are different than current active one (requested -> active):
  custom:graphics/normal-map-encoding: 01000000000000000000000000000000 -> 02000000000000000000000000000000
========================================================================
Received Prepare
Registering precompiled user dll's ...
Registered in 0.001716 seconds.
Begin MonoManager ReloadAssembly
Native extension for WindowsStandalone target not found
Native extension for WebGL target not found
Refreshing native plugins compatible for Editor in 0.49 ms, found 0 plugins.
Preloading 0 native plugins for Editor in 0.00 ms.
Invoked RoslynAnalysisRunner static constructor.
RoslynAnalysisRunner will not be running.
RoslynAnalysisRunner has terminated.
Mono: successfully reloaded assembly
- Completed reload, in  2.426 seconds
Platform modules already initialized, skipping
Switching build target platform(5) subTarget(0) extendedPlatform(0) -> platform(13) subTarget(537395200) extendedPlatform(0)
Refreshing native plugins compatible for Editor in 0.41 ms, found 0 plugins.
Preloading 0 native plugins for Editor in 0.00 ms.
Unloading 1276 Unused Serialized files (Serialized files now loaded: 0)
System memory in use before: 66.8 MB.
System memory in use after: 66.9 MB.

Unloading 6 unused Assets to reduce memory usage. Loaded Objects now: 1829.
Total: 4.048300 ms (FindLiveObjects: 0.285900 ms CreateObjectMapping: 0.254400 ms MarkObjects: 3.387300 ms  DeleteObjects: 0.117500 ms)

AssetImportParameters requested are different than current active one (requested -> active):
  custom:graphics/normal-map-encoding: 01000000000000000000000000000000 -> 02000000000000000000000000000000
========================================================================
Received Prepare
Registering precompiled user dll's ...
Registered in 0.001523 seconds.
Begin MonoManager ReloadAssembly
Native extension for WindowsStandalone target not found
Native extension for WebGL target not found
Refreshing native plugins compatible for Editor in 0.47 ms, found 0 plugins.
Preloading 0 native plugins for Editor in 0.00 ms.
Invoked RoslynAnalysisRunner static constructor.
RoslynAnalysisRunner will not be running.
RoslynAnalysisRunner has terminated.
Mono: successfully reloaded assembly
- Completed reload, in  2.476 seconds
Platform modules already initialized, skipping
Switching build target platform(5) subTarget(0) extendedPlatform(0) -> platform(13) subTarget(537395200) extendedPlatform(0)
Refreshing native plugins compatible for Editor in 0.42 ms, found 0 plugins.
Preloading 0 native plugins for Editor in 0.00 ms.
Unloading 1276 Unused Serialized files (Serialized files now loaded: 0)
System memory in use before: 66.8 MB.
System memory in use after: 66.9 MB.

Unloading 6 unused Assets to reduce memory usage. Loaded Objects now: 1831.
Total: 4.318200 ms (FindLiveObjects: 0.436300 ms CreateObjectMapping: 0.109000 ms MarkObjects: 3.654400 ms  DeleteObjects: 0.115900 ms)

AssetImportParameters requested are different than current active one (requested -> active):
  custom:graphics/normal-map-encoding: 01000000000000000000000000000000 -> 02000000000000000000000000000000
========================================================================
Received Prepare
Registering precompiled user dll's ...
Registered in 0.001456 seconds.
Begin MonoManager ReloadAssembly
Native extension for WindowsStandalone target not found
Native extension for WebGL target not found
Refreshing native plugins compatible for Editor in 0.47 ms, found 0 plugins.
Preloading 0 native plugins for Editor in 0.00 ms.
Invoked RoslynAnalysisRunner static constructor.
RoslynAnalysisRunner will not be running.
RoslynAnalysisRunner has terminated.
Mono: successfully reloaded assembly
- Completed reload, in  2.477 seconds
Platform modules already initialized, skipping
Switching build target platform(5) subTarget(0) extendedPlatform(0) -> platform(13) subTarget(537395200) extendedPlatform(0)
Refreshing native plugins compatible for Editor in 0.59 ms, found 0 plugins.
Preloading 0 native plugins for Editor in 0.00 ms.
Unloading 1276 Unused Serialized files (Serialized files now loaded: 0)
System memory in use before: 66.8 MB.
System memory in use after: 66.9 MB.

Unloading 6 unused Assets to reduce memory usage. Loaded Objects now: 1833.
Total: 5.175400 ms (FindLiveObjects: 0.485100 ms CreateObjectMapping: 0.141300 ms MarkObjects: 4.407500 ms  DeleteObjects: 0.136700 ms)

AssetImportParameters requested are different than current active one (requested -> active):
  custom:graphics/normal-map-encoding: 01000000000000000000000000000000 -> 02000000000000000000000000000000
========================================================================
Received Prepare
Registering precompiled user dll's ...
Registered in 0.001471 seconds.
Begin MonoManager ReloadAssembly
Native extension for WindowsStandalone target not found
Native extension for WebGL target not found
Refreshing native plugins compatible for Editor in 0.47 ms, found 0 plugins.
Preloading 0 native plugins for Editor in 0.00 ms.
Invoked RoslynAnalysisRunner static constructor.
RoslynAnalysisRunner will not be running.
RoslynAnalysisRunner has terminated.
Mono: successfully reloaded assembly
- Completed reload, in  2.328 seconds
Platform modules already initialized, skipping
Switching build target platform(5) subTarget(0) extendedPlatform(0) -> platform(13) subTarget(537395200) extendedPlatform(0)
Refreshing native plugins compatible for Editor in 0.46 ms, found 0 plugins.
Preloading 0 native plugins for Editor in 0.00 ms.
Unloading 1276 Unused Serialized files (Serialized files now loaded: 0)
System memory in use before: 66.8 MB.
System memory in use after: 66.9 MB.

Unloading 6 unused Assets to reduce memory usage. Loaded Objects now: 1835.
Total: 3.611200 ms (FindLiveObjects: 0.443500 ms CreateObjectMapping: 0.116800 ms MarkObjects: 2.937600 ms  DeleteObjects: 0.111000 ms)

AssetImportParameters requested are different than current active one (requested -> active):
  custom:graphics/normal-map-encoding: 01000000000000000000000000000000 -> 02000000000000000000000000000000
========================================================================
Received Prepare
Registering precompiled user dll's ...
Registered in 0.001468 seconds.
Begin MonoManager ReloadAssembly
Native extension for WindowsStandalone target not found
Native extension for WebGL target not found
Refreshing native plugins compatible for Editor in 0.58 ms, found 0 plugins.
Preloading 0 native plugins for Editor in 0.00 ms.
Invoked RoslynAnalysisRunner static constructor.
RoslynAnalysisRunner will not be running.
RoslynAnalysisRunner has terminated.
Mono: successfully reloaded assembly
- Completed reload, in  2.445 seconds
Platform modules already initialized, skipping
Switching build target platform(5) subTarget(0) extendedPlatform(0) -> platform(13) subTarget(537395200) extendedPlatform(0)
Refreshing native plugins compatible for Editor in 0.41 ms, found 0 plugins.
Preloading 0 native plugins for Editor in 0.00 ms.
Unloading 1276 Unused Serialized files (Serialized files now loaded: 0)
System memory in use before: 66.8 MB.
System memory in use after: 66.9 MB.

Unloading 6 unused Assets to reduce memory usage. Loaded Objects now: 1837.
Total: 4.794500 ms (FindLiveObjects: 0.431700 ms CreateObjectMapping: 0.095600 ms MarkObjects: 4.133700 ms  DeleteObjects: 0.130100 ms)

AssetImportParameters requested are different than current active one (requested -> active):
  custom:graphics/normal-map-encoding: 01000000000000000000000000000000 -> 02000000000000000000000000000000
========================================================================
Received Prepare
Registering precompiled user dll's ...
Registered in 0.001934 seconds.
Begin MonoManager ReloadAssembly
Native extension for WindowsStandalone target not found
Native extension for WebGL target not found
Refreshing native plugins compatible for Editor in 0.47 ms, found 0 plugins.
Preloading 0 native plugins for Editor in 0.00 ms.
Invoked RoslynAnalysisRunner static constructor.
RoslynAnalysisRunner will not be running.
RoslynAnalysisRunner has terminated.
Mono: successfully reloaded assembly
- Completed reload, in  2.315 seconds
Platform modules already initialized, skipping
Switching build target platform(5) subTarget(0) extendedPlatform(0) -> platform(13) subTarget(537395200) extendedPlatform(0)
Refreshing native plugins compatible for Editor in 0.46 ms, found 0 plugins.
Preloading 0 native plugins for Editor in 0.00 ms.
Unloading 1276 Unused Serialized files (Serialized files now loaded: 0)
System memory in use before: 66.8 MB.
System memory in use after: 66.9 MB.

Unloading 6 unused Assets to reduce memory usage. Loaded Objects now: 1839.
Total: 3.740200 ms (FindLiveObjects: 0.487600 ms CreateObjectMapping: 0.100400 ms MarkObjects: 3.028100 ms  DeleteObjects: 0.121700 ms)

AssetImportParameters requested are different than current active one (requested -> active):
  custom:graphics/normal-map-encoding: 01000000000000000000000000000000 -> 02000000000000000000000000000000
AssetImportWorkerClient::OnTransportError - code=2 error=End of file
